0 info it worked if it ends with ok
1 verbose cli [ 'C:\\Program Files\\nodejs\\node.exe',
1 verbose cli   'C:\\Program Files\\nodejs\\node_modules\\npm\\bin\\npm-cli.js',
1 verbose cli   'run',
1 verbose cli   'e2e' ]
2 info using npm@3.10.3
3 info using node@v6.6.0
4 verbose run-script [ 'pree2e', 'e2e', 'poste2e' ]
5 info lifecycle starter@1.0.0~pree2e: starter@1.0.0
6 silly lifecycle starter@1.0.0~pree2e: no script for pree2e, continuing
7 info lifecycle starter@1.0.0~e2e: starter@1.0.0
8 verbose lifecycle starter@1.0.0~e2e: unsafe-perm in lifecycle true
9 verbose lifecycle starter@1.0.0~e2e: PATH: C:\Program Files\nodejs\node_modules\npm\bin\node-gyp-bin;C:\Users\Jeffrey\Documents\COMP-431\COMP-431\inclass-13\node_modules\.bin;C:\Program Files\nodejs;C:\ProgramData\Oracle\Java\javapath;C:\WINDOWS\system32;C:\WINDOWS;C:\WINDOWS\System32\Wbem;C:\WINDOWS\System32\WindowsPowerShell\v1.0\;C:\Program Files (x86)\Skype\Phone\;C:\Program Files\Git\cmd;C:\Program Files\nodejs\;C:\Program Files (x86)\Microsoft VS Code\bin;C:\Users\Jeffrey\AppData\Local\Microsoft\WindowsApps;C:\Users\Jeffrey\AppData\Roaming\npm
10 verbose lifecycle starter@1.0.0~e2e: CWD: C:\Users\Jeffrey\Documents\COMP-431\COMP-431\inclass-13
11 silly lifecycle starter@1.0.0~e2e: Args: [ '/d /s /c',
11 silly lifecycle   'mocha --opts mocha.opts --reporter spec e2e/*.spec.js' ]
12 silly lifecycle starter@1.0.0~e2e: Returned: code: 1  signal: null
13 info lifecycle starter@1.0.0~e2e: Failed to exec e2e script
14 verbose stack Error: starter@1.0.0 e2e: `mocha --opts mocha.opts --reporter spec e2e/*.spec.js`
14 verbose stack Exit status 1
14 verbose stack     at EventEmitter.<anonymous> (C:\Program Files\nodejs\node_modules\npm\lib\utils\lifecycle.js:242:16)
14 verbose stack     at emitTwo (events.js:106:13)
14 verbose stack     at EventEmitter.emit (events.js:191:7)
14 verbose stack     at ChildProcess.<anonymous> (C:\Program Files\nodejs\node_modules\npm\lib\utils\spawn.js:40:14)
14 verbose stack     at emitTwo (events.js:106:13)
14 verbose stack     at ChildProcess.emit (events.js:191:7)
14 verbose stack     at maybeClose (internal/child_process.js:877:16)
14 verbose stack     at Process.ChildProcess._handle.onexit (internal/child_process.js:226:5)
15 verbose pkgid starter@1.0.0
16 verbose cwd C:\Users\Jeffrey\Documents\COMP-431\COMP-431\inclass-13
17 error Windows_NT 10.0.14393
18 error argv "C:\\Program Files\\nodejs\\node.exe" "C:\\Program Files\\nodejs\\node_modules\\npm\\bin\\npm-cli.js" "run" "e2e"
19 error node v6.6.0
20 error npm  v3.10.3
21 error code ELIFECYCLE
22 error starter@1.0.0 e2e: `mocha --opts mocha.opts --reporter spec e2e/*.spec.js`
22 error Exit status 1
23 error Failed at the starter@1.0.0 e2e script 'mocha --opts mocha.opts --reporter spec e2e/*.spec.js'.
23 error Make sure you have the latest version of node.js and npm installed.
23 error If you do, this is most likely a problem with the starter package,
23 error not with npm itself.
23 error Tell the author that this fails on your system:
23 error     mocha --opts mocha.opts --reporter spec e2e/*.spec.js
23 error You can get information on how to open an issue for this project with:
23 error     npm bugs starter
23 error Or if that isn't available, you can get their info via:
23 error     npm owner ls starter
23 error There is likely additional logging output above.
24 verbose exit [ 1, true ]
